<?xml version="1.0" encoding="UTF-8"?>
<testng-results ignored="0" total="1" passed="1" failed="0" skipped="0">
  <reporter-output>
  </reporter-output>
  <suite started-at="2024-02-21T17:40:25 IST" name="Default suite" finished-at="2024-02-21T17:41:01 IST" duration-ms="35917">
    <groups>
    </groups>
    <test started-at="2024-02-21T17:40:25 IST" name="Default test" finished-at="2024-02-21T17:41:01 IST" duration-ms="35917">
      <class name="com.demowebshop.testscripts.AddToCartTest">
        <test-method is-config="true" signature="reportConfig()[pri:0, instance:com.demowebshop.testscripts.AddToCartTest@1cf6d1be]" started-at="2024-02-21T17:40:25 IST" name="reportConfig" finished-at="2024-02-21T17:40:25 IST" duration-ms="682" status="PASS">
          <reporter-output>
          </reporter-output>
        </test-method> <!-- reportConfig -->
        <test-method is-config="true" signature="browserSetup(java.lang.reflect.Method)[pri:0, instance:com.demowebshop.testscripts.AddToCartTest@1cf6d1be]" started-at="2024-02-21T17:40:27 IST" name="browserSetup" finished-at="2024-02-21T17:40:47 IST" duration-ms="20125" status="PASS">
          <params>
            <param index="0">
              <value>
                <![CDATA[public void com.demowebshop.testscripts.AddToCartTest.TC_ShoppingCart_001(java.lang.String,java.lang.String)]]>
              </value>
            </param>
          </params>
          <reporter-output>
          </reporter-output>
        </test-method> <!-- browserSetup -->
        <test-method signature="TC_ShoppingCart_001(java.lang.String,java.lang.String)[pri:0, instance:com.demowebshop.testscripts.AddToCartTest@1cf6d1be]" started-at="2024-02-21T17:40:47 IST" name="TC_ShoppingCart_001" data-provider="addToCart" finished-at="2024-02-21T17:41:01 IST" duration-ms="13821" status="PASS">
          <params>
            <param index="0">
              <value>
                <![CDATA[maanya628@gmail.com]]>
              </value>
            </param>
            <param index="1">
              <value>
                <![CDATA[Maanya!987]]>
              </value>
            </param>
          </params>
          <reporter-output>
          </reporter-output>
        </test-method> <!-- TC_ShoppingCart_001 -->
        <test-method is-config="true" signature="browserTearDown()[pri:0, instance:com.demowebshop.testscripts.AddToCartTest@1cf6d1be]" started-at="2024-02-21T17:41:01 IST" name="browserTearDown" finished-at="2024-02-21T17:41:01 IST" duration-ms="395" status="PASS">
          <reporter-output>
          </reporter-output>
        </test-method> <!-- browserTearDown -->
        <test-method is-config="true" signature="reportFlush()[pri:0, instance:com.demowebshop.testscripts.AddToCartTest@1cf6d1be]" started-at="2024-02-21T17:41:01 IST" name="reportFlush" finished-at="2024-02-21T17:41:02 IST" duration-ms="568" status="PASS">
          <reporter-output>
          </reporter-output>
        </test-method> <!-- reportFlush -->
      </class> <!-- com.demowebshop.testscripts.AddToCartTest -->
    </test> <!-- Default test -->
  </suite> <!-- Default suite -->
</testng-results>
